<?xml version="1.0" encoding="UTF-8"?>
<testsuite xmlns:xsi="http://www.w3.org/2001/XMLSchema-instance" xsi:noNamespaceSchemaLocation="https://maven.apache.org/surefire/maven-surefire-plugin/xsd/surefire-test-report-3.0.xsd" version="3.0" name="TestSuite" time="189.818" tests="38" errors="0" skipped="0" failures="0">
  <properties>
    <property name="sun.desktop" value="windows"/>
    <property name="awt.toolkit" value="sun.awt.windows.WToolkit"/>
    <property name="java.specification.version" value="9"/>
    <property name="file.encoding.pkg" value="sun.io"/>
    <property name="sun.cpu.isalist" value="amd64"/>
    <property name="sun.jnu.encoding" value="Cp1252"/>
    <property name="java.class.path" value="C:\Users\Arti\IdeaProjects\Business-Keeper-App-Test\target\test-classes;C:\Users\Arti\IdeaProjects\Business-Keeper-App-Test\target\classes;C:\Users\Arti\.m2\repository\org\seleniumhq\selenium\selenium-java\3.141.5\selenium-java-3.141.5.jar;C:\Users\Arti\.m2\repository\org\seleniumhq\selenium\selenium-api\3.141.5\selenium-api-3.141.5.jar;C:\Users\Arti\.m2\repository\org\seleniumhq\selenium\selenium-chrome-driver\3.141.5\selenium-chrome-driver-3.141.5.jar;C:\Users\Arti\.m2\repository\org\seleniumhq\selenium\selenium-edge-driver\3.141.5\selenium-edge-driver-3.141.5.jar;C:\Users\Arti\.m2\repository\org\seleniumhq\selenium\selenium-firefox-driver\3.141.5\selenium-firefox-driver-3.141.5.jar;C:\Users\Arti\.m2\repository\org\seleniumhq\selenium\selenium-ie-driver\3.141.5\selenium-ie-driver-3.141.5.jar;C:\Users\Arti\.m2\repository\org\seleniumhq\selenium\selenium-opera-driver\3.141.5\selenium-opera-driver-3.141.5.jar;C:\Users\Arti\.m2\repository\org\seleniumhq\selenium\selenium-remote-driver\3.141.5\selenium-remote-driver-3.141.5.jar;C:\Users\Arti\.m2\repository\org\seleniumhq\selenium\selenium-safari-driver\3.141.5\selenium-safari-driver-3.141.5.jar;C:\Users\Arti\.m2\repository\org\seleniumhq\selenium\selenium-support\3.141.5\selenium-support-3.141.5.jar;C:\Users\Arti\.m2\repository\net\bytebuddy\byte-buddy\1.8.15\byte-buddy-1.8.15.jar;C:\Users\Arti\.m2\repository\org\apache\commons\commons-exec\1.3\commons-exec-1.3.jar;C:\Users\Arti\.m2\repository\com\google\guava\guava\25.0-jre\guava-25.0-jre.jar;C:\Users\Arti\.m2\repository\com\google\code\findbugs\jsr305\1.3.9\jsr305-1.3.9.jar;C:\Users\Arti\.m2\repository\org\checkerframework\checker-compat-qual\2.0.0\checker-compat-qual-2.0.0.jar;C:\Users\Arti\.m2\repository\com\google\errorprone\error_prone_annotations\2.1.3\error_prone_annotations-2.1.3.jar;C:\Users\Arti\.m2\repository\com\google\j2objc\j2objc-annotations\1.1\j2objc-annotations-1.1.jar;C:\Users\Arti\.m2\repository\org\codehaus\mojo\animal-sniffer-annotations\1.14\animal-sniffer-annotations-1.14.jar;C:\Users\Arti\.m2\repository\com\squareup\okhttp3\okhttp\3.11.0\okhttp-3.11.0.jar;C:\Users\Arti\.m2\repository\com\squareup\okio\okio\1.14.0\okio-1.14.0.jar;C:\Users\Arti\.m2\repository\org\testng\testng\6.14.3\testng-6.14.3.jar;C:\Users\Arti\.m2\repository\com\beust\jcommander\1.72\jcommander-1.72.jar;C:\Users\Arti\.m2\repository\org\apache-extras\beanshell\bsh\2.0b6\bsh-2.0b6.jar;C:\Users\Arti\.m2\repository\io\github\bonigarcia\webdrivermanager\3.6.1\webdrivermanager-3.6.1.jar;C:\Users\Arti\.m2\repository\org\slf4j\slf4j-api\1.7.25\slf4j-api-1.7.25.jar;C:\Users\Arti\.m2\repository\com\google\code\gson\gson\2.8.5\gson-2.8.5.jar;C:\Users\Arti\.m2\repository\org\apache\commons\commons-lang3\3.8.1\commons-lang3-3.8.1.jar;C:\Users\Arti\.m2\repository\org\apache\httpcomponents\httpclient\4.5.6\httpclient-4.5.6.jar;C:\Users\Arti\.m2\repository\org\apache\httpcomponents\httpcore\4.4.10\httpcore-4.4.10.jar;C:\Users\Arti\.m2\repository\commons-logging\commons-logging\1.2\commons-logging-1.2.jar;C:\Users\Arti\.m2\repository\commons-codec\commons-codec\1.10\commons-codec-1.10.jar;C:\Users\Arti\.m2\repository\org\rauschig\jarchivelib\1.0.0\jarchivelib-1.0.0.jar;C:\Users\Arti\.m2\repository\org\apache\commons\commons-compress\1.18\commons-compress-1.18.jar;C:\Users\Arti\.m2\repository\org\jsoup\jsoup\1.11.3\jsoup-1.11.3.jar;C:\Users\Arti\.m2\repository\com\github\javafaker\javafaker\0.16\javafaker-0.16.jar;C:\Users\Arti\.m2\repository\org\yaml\snakeyaml\1.20\snakeyaml-1.20-android.jar;C:\Users\Arti\.m2\repository\com\github\mifmif\generex\1.0.2\generex-1.0.2.jar;C:\Users\Arti\.m2\repository\dk\brics\automaton\automaton\1.11-8\automaton-1.11-8.jar;C:\Users\Arti\.m2\repository\com\relevantcodes\extentreports\2.41.2\extentreports-2.41.2.jar;C:\Users\Arti\.m2\repository\org\xerial\sqlite-jdbc\3.8.11.1\sqlite-jdbc-3.8.11.1.jar;C:\Users\Arti\.m2\repository\org\freemarker\freemarker\2.3.23\freemarker-2.3.23.jar;C:\Users\Arti\.m2\repository\org\mongodb\mongodb-driver\3.0.4\mongodb-driver-3.0.4.jar;C:\Users\Arti\.m2\repository\org\mongodb\bson\3.0.4\bson-3.0.4.jar;C:\Users\Arti\.m2\repository\org\mongodb\mongodb-driver-core\3.0.4\mongodb-driver-core-3.0.4.jar;C:\Users\Arti\.m2\repository\org\apache\logging\log4j\log4j-core\2.11.1\log4j-core-2.11.1.jar;C:\Users\Arti\.m2\repository\org\apache\logging\log4j\log4j-api\2.11.1\log4j-api-2.11.1.jar;C:\Users\Arti\.m2\repository\commons-io\commons-io\2.6\commons-io-2.6.jar;"/>
    <property name="java.vm.vendor" value="Oracle Corporation"/>
    <property name="sun.arch.data.model" value="64"/>
    <property name="user.variant" value=""/>
    <property name="java.vendor.url" value="http://java.oracle.com/"/>
    <property name="user.timezone" value="Europe/Berlin"/>
    <property name="java.vm.specification.version" value="9"/>
    <property name="os.name" value="Windows 10"/>
    <property name="sun.java.launcher" value="SUN_STANDARD"/>
    <property name="user.country" value="IN"/>
    <property name="sun.boot.library.path" value="C:\Program Files\Java\jdk-9.0.1\bin"/>
    <property name="sun.java.command" value="C:\Users\Arti\AppData\Local\Temp\surefire10702313111781475024\surefirebooter12053707928121959558.jar C:\Users\Arti\AppData\Local\Temp\surefire10702313111781475024 2020-10-20T16-27-46_602-jvmRun1 surefire15561849474978619525tmp surefire_08710154373885685934tmp"/>
    <property name="jdk.debug" value="release"/>
    <property name="surefire.test.class.path" value="C:\Users\Arti\IdeaProjects\Business-Keeper-App-Test\target\test-classes;C:\Users\Arti\IdeaProjects\Business-Keeper-App-Test\target\classes;C:\Users\Arti\.m2\repository\org\seleniumhq\selenium\selenium-java\3.141.5\selenium-java-3.141.5.jar;C:\Users\Arti\.m2\repository\org\seleniumhq\selenium\selenium-api\3.141.5\selenium-api-3.141.5.jar;C:\Users\Arti\.m2\repository\org\seleniumhq\selenium\selenium-chrome-driver\3.141.5\selenium-chrome-driver-3.141.5.jar;C:\Users\Arti\.m2\repository\org\seleniumhq\selenium\selenium-edge-driver\3.141.5\selenium-edge-driver-3.141.5.jar;C:\Users\Arti\.m2\repository\org\seleniumhq\selenium\selenium-firefox-driver\3.141.5\selenium-firefox-driver-3.141.5.jar;C:\Users\Arti\.m2\repository\org\seleniumhq\selenium\selenium-ie-driver\3.141.5\selenium-ie-driver-3.141.5.jar;C:\Users\Arti\.m2\repository\org\seleniumhq\selenium\selenium-opera-driver\3.141.5\selenium-opera-driver-3.141.5.jar;C:\Users\Arti\.m2\repository\org\seleniumhq\selenium\selenium-remote-driver\3.141.5\selenium-remote-driver-3.141.5.jar;C:\Users\Arti\.m2\repository\org\seleniumhq\selenium\selenium-safari-driver\3.141.5\selenium-safari-driver-3.141.5.jar;C:\Users\Arti\.m2\repository\org\seleniumhq\selenium\selenium-support\3.141.5\selenium-support-3.141.5.jar;C:\Users\Arti\.m2\repository\net\bytebuddy\byte-buddy\1.8.15\byte-buddy-1.8.15.jar;C:\Users\Arti\.m2\repository\org\apache\commons\commons-exec\1.3\commons-exec-1.3.jar;C:\Users\Arti\.m2\repository\com\google\guava\guava\25.0-jre\guava-25.0-jre.jar;C:\Users\Arti\.m2\repository\com\google\code\findbugs\jsr305\1.3.9\jsr305-1.3.9.jar;C:\Users\Arti\.m2\repository\org\checkerframework\checker-compat-qual\2.0.0\checker-compat-qual-2.0.0.jar;C:\Users\Arti\.m2\repository\com\google\errorprone\error_prone_annotations\2.1.3\error_prone_annotations-2.1.3.jar;C:\Users\Arti\.m2\repository\com\google\j2objc\j2objc-annotations\1.1\j2objc-annotations-1.1.jar;C:\Users\Arti\.m2\repository\org\codehaus\mojo\animal-sniffer-annotations\1.14\animal-sniffer-annotations-1.14.jar;C:\Users\Arti\.m2\repository\com\squareup\okhttp3\okhttp\3.11.0\okhttp-3.11.0.jar;C:\Users\Arti\.m2\repository\com\squareup\okio\okio\1.14.0\okio-1.14.0.jar;C:\Users\Arti\.m2\repository\org\testng\testng\6.14.3\testng-6.14.3.jar;C:\Users\Arti\.m2\repository\com\beust\jcommander\1.72\jcommander-1.72.jar;C:\Users\Arti\.m2\repository\org\apache-extras\beanshell\bsh\2.0b6\bsh-2.0b6.jar;C:\Users\Arti\.m2\repository\io\github\bonigarcia\webdrivermanager\3.6.1\webdrivermanager-3.6.1.jar;C:\Users\Arti\.m2\repository\org\slf4j\slf4j-api\1.7.25\slf4j-api-1.7.25.jar;C:\Users\Arti\.m2\repository\com\google\code\gson\gson\2.8.5\gson-2.8.5.jar;C:\Users\Arti\.m2\repository\org\apache\commons\commons-lang3\3.8.1\commons-lang3-3.8.1.jar;C:\Users\Arti\.m2\repository\org\apache\httpcomponents\httpclient\4.5.6\httpclient-4.5.6.jar;C:\Users\Arti\.m2\repository\org\apache\httpcomponents\httpcore\4.4.10\httpcore-4.4.10.jar;C:\Users\Arti\.m2\repository\commons-logging\commons-logging\1.2\commons-logging-1.2.jar;C:\Users\Arti\.m2\repository\commons-codec\commons-codec\1.10\commons-codec-1.10.jar;C:\Users\Arti\.m2\repository\org\rauschig\jarchivelib\1.0.0\jarchivelib-1.0.0.jar;C:\Users\Arti\.m2\repository\org\apache\commons\commons-compress\1.18\commons-compress-1.18.jar;C:\Users\Arti\.m2\repository\org\jsoup\jsoup\1.11.3\jsoup-1.11.3.jar;C:\Users\Arti\.m2\repository\com\github\javafaker\javafaker\0.16\javafaker-0.16.jar;C:\Users\Arti\.m2\repository\org\yaml\snakeyaml\1.20\snakeyaml-1.20-android.jar;C:\Users\Arti\.m2\repository\com\github\mifmif\generex\1.0.2\generex-1.0.2.jar;C:\Users\Arti\.m2\repository\dk\brics\automaton\automaton\1.11-8\automaton-1.11-8.jar;C:\Users\Arti\.m2\repository\com\relevantcodes\extentreports\2.41.2\extentreports-2.41.2.jar;C:\Users\Arti\.m2\repository\org\xerial\sqlite-jdbc\3.8.11.1\sqlite-jdbc-3.8.11.1.jar;C:\Users\Arti\.m2\repository\org\freemarker\freemarker\2.3.23\freemarker-2.3.23.jar;C:\Users\Arti\.m2\repository\org\mongodb\mongodb-driver\3.0.4\mongodb-driver-3.0.4.jar;C:\Users\Arti\.m2\repository\org\mongodb\bson\3.0.4\bson-3.0.4.jar;C:\Users\Arti\.m2\repository\org\mongodb\mongodb-driver-core\3.0.4\mongodb-driver-core-3.0.4.jar;C:\Users\Arti\.m2\repository\org\apache\logging\log4j\log4j-core\2.11.1\log4j-core-2.11.1.jar;C:\Users\Arti\.m2\repository\org\apache\logging\log4j\log4j-api\2.11.1\log4j-api-2.11.1.jar;C:\Users\Arti\.m2\repository\commons-io\commons-io\2.6\commons-io-2.6.jar;"/>
    <property name="sun.cpu.endian" value="little"/>
    <property name="user.home" value="C:\Users\Arti"/>
    <property name="user.language" value="en"/>
    <property name="java.specification.vendor" value="Oracle Corporation"/>
    <property name="java.home" value="C:\Program Files\Java\jdk-9.0.1"/>
    <property name="file.separator" value="\"/>
    <property name="basedir" value="C:\Users\Arti\IdeaProjects\Business-Keeper-App-Test"/>
    <property name="java.vm.compressedOopsMode" value="Zero based"/>
    <property name="line.separator" value="&#10;"/>
    <property name="java.vm.specification.vendor" value="Oracle Corporation"/>
    <property name="java.specification.name" value="Java Platform API Specification"/>
    <property name="java.awt.graphicsenv" value="sun.awt.Win32GraphicsEnvironment"/>
    <property name="surefire.real.class.path" value="C:\Users\Arti\AppData\Local\Temp\surefire10702313111781475024\surefirebooter12053707928121959558.jar"/>
    <property name="user.script" value=""/>
    <property name="sun.management.compiler" value="HotSpot 64-Bit Tiered Compilers"/>
    <property name="java.runtime.version" value="9.0.1+11"/>
    <property name="user.name" value="Arti"/>
    <property name="path.separator" value=";"/>
    <property name="os.version" value="10.0"/>
    <property name="java.runtime.name" value="Java(TM) SE Runtime Environment"/>
    <property name="file.encoding" value="Cp1252"/>
    <property name="java.vm.name" value="Java HotSpot(TM) 64-Bit Server VM"/>
    <property name="localRepository" value="C:\Users\Arti\.m2\repository"/>
    <property name="java.vendor.url.bug" value="http://bugreport.java.com/bugreport/"/>
    <property name="java.io.tmpdir" value="C:\Users\Arti\AppData\Local\Temp\"/>
    <property name="java.version" value="9.0.1"/>
    <property name="user.dir" value="C:\Users\Arti\IdeaProjects\Business-Keeper-App-Test"/>
    <property name="os.arch" value="amd64"/>
    <property name="java.vm.specification.name" value="Java Virtual Machine Specification"/>
    <property name="java.awt.printerjob" value="sun.awt.windows.WPrinterJob"/>
    <property name="sun.os.patch.level" value=""/>
    <property name="java.library.path" value="C:\Program Files\Java\jdk-9.0.1\bin;C:\WINDOWS\Sun\Java\bin;C:\WINDOWS\system32;C:\WINDOWS;C:\ProgramData\DockerDesktop\version-bin;C:\Program Files\Docker\Docker\Resources\bin;C:\ProgramData\Oracle\Java\javapath;C:\WINDOWS\system32;C:\WINDOWS;C:\WINDOWS\System32\Wbem;C:\WINDOWS\System32\WindowsPowerShell\v1.0\;C:\Users\Arti\Downloads\automation project\Maven\apache-maven-3.5.3\bin;C:\Program Files\Java\jre-9.0.1\bin;C:\Program Files\Java\jdk-9.0.1\bin;C:\WINDOWS\System32\OpenSSH\;C:\Program Files\Git\cmd;C:\Program Files\Git\bin;C:\Gradle\gradle-5.2.1\bin;C:\Users\Arti\AppData\Local\Microsoft\WindowsApps;C:\Program Files\Java\jdk-9.0.1\bin;C:\Program Files\Git\bin;;."/>
    <property name="java.vm.info" value="mixed mode"/>
    <property name="java.vendor" value="Oracle Corporation"/>
    <property name="java.vm.version" value="9.0.1+11"/>
    <property name="sun.io.unicode.encoding" value="UnicodeLittle"/>
    <property name="java.class.version" value="53.0"/>
  </properties>
  <testcase name="verifyAuthenticationPageIsLoaded" classname="com.businessKeeper.tests.registration.TC01_E2E_RegistrationProcess" time="2.488"/>
  <testcase name="verifyRegistrationFormIsLoaded" classname="com.businessKeeper.tests.registration.TC01_E2E_RegistrationProcess" time="2.346"/>
  <testcase name="verifyEmailIdOnRegistrationPage" classname="com.businessKeeper.tests.registration.TC01_E2E_RegistrationProcess" time="0.054"/>
  <testcase name="VerifyPersonalDetailsAreFilled" classname="com.businessKeeper.tests.registration.TC01_E2E_RegistrationProcess" time="0.975"/>
  <testcase name="VerifyAddressDetailsAreFilled" classname="com.businessKeeper.tests.registration.TC01_E2E_RegistrationProcess" time="1.897"/>
  <testcase name="VerifyRegisterButtonIsEnabled" classname="com.businessKeeper.tests.registration.TC01_E2E_RegistrationProcess" time="2.806"/>
  <testcase name="verifyAccountCreatedSucessfully" classname="com.businessKeeper.tests.registration.TC01_E2E_RegistrationProcess" time="0.809"/>
  <testcase name="verifyErrorMessageOnInvalidMailId" classname="com.businessKeeper.tests.registration.TC02_Invalid_Email" time="4.79"/>
  <testcase name="verifySuccessfulLogin" classname="com.businessKeeper.tests.place_order.TC01_BuyFirstProductForWomenCategory" time="3.886"/>
  <testcase name="verifyWomenProductsPageDisplayed" classname="com.businessKeeper.tests.place_order.TC01_BuyFirstProductForWomenCategory" time="3.29"/>
  <testcase name="verifyFirstProductAddedToCart" classname="com.businessKeeper.tests.place_order.TC01_BuyFirstProductForWomenCategory" time="2.652"/>
  <testcase name="verifyShoppingSummaryCartPageIsDisplayed" classname="com.businessKeeper.tests.place_order.TC01_BuyFirstProductForWomenCategory" time="4.053"/>
  <testcase name="verifyAddressPageIsDisplayed" classname="com.businessKeeper.tests.place_order.TC01_BuyFirstProductForWomenCategory" time="3.499"/>
  <testcase name="verifyShippingPageIsDisplayed" classname="com.businessKeeper.tests.place_order.TC01_BuyFirstProductForWomenCategory" time="2.321"/>
  <testcase name="verifyUserAgreedToTermsOfService" classname="com.businessKeeper.tests.place_order.TC01_BuyFirstProductForWomenCategory" time="0.566"/>
  <testcase name="verifyPaymentPageIsDisplayed" classname="com.businessKeeper.tests.place_order.TC01_BuyFirstProductForWomenCategory" time="3.946"/>
  <testcase name="verifyPaymentCorrectPaymentMethodIsPicked" classname="com.businessKeeper.tests.place_order.TC01_BuyFirstProductForWomenCategory" time="2.775"/>
  <testcase name="verifyOrderPlacedSuccessfully" classname="com.businessKeeper.tests.place_order.TC01_BuyFirstProductForWomenCategory" time="3.561"/>
  <testcase name="verifySuccessfulLogin" classname="com.businessKeeper.tests.place_order.TC02_BuyFirstProductForDressCategory" time="10.927"/>
  <testcase name="verifyDressProductsPageDisplayed" classname="com.businessKeeper.tests.place_order.TC02_BuyFirstProductForDressCategory" time="3.524"/>
  <testcase name="verifyFirstProductAddedToCart" classname="com.businessKeeper.tests.place_order.TC02_BuyFirstProductForDressCategory" time="1.397"/>
  <testcase name="verifyShoppingSummaryCartPageIsDisplayed" classname="com.businessKeeper.tests.place_order.TC02_BuyFirstProductForDressCategory" time="4.483"/>
  <testcase name="verifyAddressPageIsDisplayed" classname="com.businessKeeper.tests.place_order.TC02_BuyFirstProductForDressCategory" time="3.456"/>
  <testcase name="verifyShippingPageIsDisplayed" classname="com.businessKeeper.tests.place_order.TC02_BuyFirstProductForDressCategory" time="3.637"/>
  <testcase name="verifyUserAgreedToTermsOfService" classname="com.businessKeeper.tests.place_order.TC02_BuyFirstProductForDressCategory" time="0.535"/>
  <testcase name="verifyPaymentPageIsDisplayed" classname="com.businessKeeper.tests.place_order.TC02_BuyFirstProductForDressCategory" time="3.7"/>
  <testcase name="verifyPaymentCorrectPaymentMethodIsPicked" classname="com.businessKeeper.tests.place_order.TC02_BuyFirstProductForDressCategory" time="4.44"/>
  <testcase name="verifyOrderPlacedSuccessfully" classname="com.businessKeeper.tests.place_order.TC02_BuyFirstProductForDressCategory" time="6.589"/>
  <testcase name="verifySuccessfulLogin" classname="com.businessKeeper.tests.place_order.TC03_BuyFirstProductForTShirtsCategory" time="5.135"/>
  <testcase name="verifyTshirtProductsPageDisplayed" classname="com.businessKeeper.tests.place_order.TC03_BuyFirstProductForTShirtsCategory" time="2.993"/>
  <testcase name="verifyFirstProductAddedToCart" classname="com.businessKeeper.tests.place_order.TC03_BuyFirstProductForTShirtsCategory" time="1.823"/>
  <testcase name="verifyShoppingSummaryCartPageIsDisplayed" classname="com.businessKeeper.tests.place_order.TC03_BuyFirstProductForTShirtsCategory" time="2.207"/>
  <testcase name="verifyAddressPageIsDisplayed" classname="com.businessKeeper.tests.place_order.TC03_BuyFirstProductForTShirtsCategory" time="2.488"/>
  <testcase name="verifyShippingPageIsDisplayed" classname="com.businessKeeper.tests.place_order.TC03_BuyFirstProductForTShirtsCategory" time="1.848"/>
  <testcase name="verifyUserAgreedToTermsOfService" classname="com.businessKeeper.tests.place_order.TC03_BuyFirstProductForTShirtsCategory" time="0.551"/>
  <testcase name="verifyPaymentPageIsDisplayed" classname="com.businessKeeper.tests.place_order.TC03_BuyFirstProductForTShirtsCategory" time="1.733"/>
  <testcase name="verifyPaymentCorrectPaymentMethodIsPicked" classname="com.businessKeeper.tests.place_order.TC03_BuyFirstProductForTShirtsCategory" time="1.435"/>
  <testcase name="verifyOrderPlacedSuccessfully" classname="com.businessKeeper.tests.place_order.TC03_BuyFirstProductForTShirtsCategory" time="2.195"/>
</testsuite>