<?xml version="1.0" encoding="UTF-8"?>
<!-- Generated by org.testng.reporters.JUnitReportReporter -->
<testsuite hostname="DESKTOP-04PNTCS" failures="0" tests="1" name="com.businessKeeper.tests.registration.TC02_Invalid_Email" time="4.788" errors="0" timestamp="20 Oct 2020 14:30:56 GMT" skipped="0">
  <testcase classname="com.businessKeeper.tests.registration.TC02_Invalid_Email" name="verifyErrorMessageOnInvalidMailId" time="4.788"/>
</testsuite> <!-- com.businessKeeper.tests.registration.TC02_Invalid_Email -->
